mode: set
github.com/joshdcuneo/go-ui/cmd/migrate/main.go:18.13,25.55 6 0
github.com/joshdcuneo/go-ui/cmd/migrate/main.go:25.55,27.3 1 0
github.com/joshdcuneo/go-ui/cmd/migrate/main.go:29.2,29.22 1 0
github.com/joshdcuneo/go-ui/cmd/migrate/main.go:29.22,31.3 1 0
github.com/joshdcuneo/go-ui/cmd/migrate/main.go:33.2,35.40 2 0
github.com/joshdcuneo/go-ui/cmd/migrate/main.go:35.40,37.3 1 0
github.com/joshdcuneo/go-ui/cmd/migrate/main.go:39.2,39.16 1 0
github.com/joshdcuneo/go-ui/cmd/migrate/main.go:40.12,42.17 2 0
github.com/joshdcuneo/go-ui/cmd/migrate/main.go:42.17,44.4 1 0
github.com/joshdcuneo/go-ui/cmd/migrate/main.go:45.3,47.80 3 0
github.com/joshdcuneo/go-ui/cmd/migrate/main.go:47.80,49.4 1 0
github.com/joshdcuneo/go-ui/cmd/migrate/main.go:50.3,50.11 1 0
github.com/joshdcuneo/go-ui/cmd/migrate/main.go:50.11,52.75 2 0
github.com/joshdcuneo/go-ui/cmd/migrate/main.go:52.75,54.5 1 0
github.com/joshdcuneo/go-ui/cmd/migrate/main.go:56.14,58.54 2 0
github.com/joshdcuneo/go-ui/cmd/migrate/main.go:58.54,60.4 1 0
github.com/joshdcuneo/go-ui/cmd/migrate/main.go:61.15,63.54 2 0
github.com/joshdcuneo/go-ui/cmd/migrate/main.go:63.54,65.4 1 0
github.com/joshdcuneo/go-ui/cmd/migrate/main.go:66.3,67.17 2 0
github.com/joshdcuneo/go-ui/cmd/migrate/main.go:67.17,69.4 1 0
github.com/joshdcuneo/go-ui/cmd/migrate/main.go:70.3,72.80 3 0
github.com/joshdcuneo/go-ui/cmd/migrate/main.go:72.80,74.4 1 0
github.com/joshdcuneo/go-ui/cmd/migrate/main.go:75.3,75.11 1 0
github.com/joshdcuneo/go-ui/cmd/migrate/main.go:75.11,77.75 2 0
github.com/joshdcuneo/go-ui/cmd/migrate/main.go:77.75,79.5 1 0
github.com/joshdcuneo/go-ui/cmd/migrate/main.go:81.14,83.17 2 0
github.com/joshdcuneo/go-ui/cmd/migrate/main.go:83.17,85.4 1 0
github.com/joshdcuneo/go-ui/cmd/migrate/main.go:86.3,88.74 3 0
github.com/joshdcuneo/go-ui/cmd/migrate/main.go:88.74,90.4 1 0
github.com/joshdcuneo/go-ui/cmd/migrate/main.go:91.10,92.43 1 0
github.com/joshdcuneo/go-ui/cmd/migrate/main.go:95.2,95.22 1 0
github.com/joshdcuneo/go-ui/internal/assert/assert.go:8.60,10.24 2 0
github.com/joshdcuneo/go-ui/internal/assert/assert.go:10.24,12.3 1 0
github.com/joshdcuneo/go-ui/internal/assert/assert.go:15.60,17.41 2 0
github.com/joshdcuneo/go-ui/internal/assert/assert.go:17.41,19.3 1 0
github.com/joshdcuneo/go-ui/internal/assert/assert.go:22.43,24.19 2 0
github.com/joshdcuneo/go-ui/internal/assert/assert.go:24.19,26.3 1 0
github.com/joshdcuneo/go-ui/internal/validator/validator.go:15.34,17.2 1 0
github.com/joshdcuneo/go-ui/internal/validator/validator.go:19.56,20.26 1 0
github.com/joshdcuneo/go-ui/internal/validator/validator.go:20.26,22.3 1 0
github.com/joshdcuneo/go-ui/internal/validator/validator.go:24.2,24.46 1 0
github.com/joshdcuneo/go-ui/internal/validator/validator.go:24.46,26.3 1 0
github.com/joshdcuneo/go-ui/internal/validator/validator.go:29.50,31.2 1 0
github.com/joshdcuneo/go-ui/internal/validator/validator.go:33.62,34.9 1 0
github.com/joshdcuneo/go-ui/internal/validator/validator.go:34.9,36.3 1 0
github.com/joshdcuneo/go-ui/internal/validator/validator.go:39.34,41.2 1 0
github.com/joshdcuneo/go-ui/internal/validator/validator.go:43.41,45.2 1 0
github.com/joshdcuneo/go-ui/internal/validator/validator.go:47.41,49.2 1 0
github.com/joshdcuneo/go-ui/internal/validator/validator.go:51.71,53.2 1 0
github.com/joshdcuneo/go-ui/internal/validator/validator.go:57.52,59.2 1 0
github.com/joshdcuneo/go-ui/internal/validator/validator.go:61.33,63.2 1 0
github.com/joshdcuneo/go-ui/internal/models/mocks/users.go:13.64,14.15 1 0
github.com/joshdcuneo/go-ui/internal/models/mocks/users.go:15.26,16.34 1 0
github.com/joshdcuneo/go-ui/internal/models/mocks/users.go:17.10,18.13 1 0
github.com/joshdcuneo/go-ui/internal/models/mocks/users.go:22.71,23.62 1 0
github.com/joshdcuneo/go-ui/internal/models/mocks/users.go:23.62,25.3 1 0
github.com/joshdcuneo/go-ui/internal/models/mocks/users.go:27.2,27.40 1 0
github.com/joshdcuneo/go-ui/internal/models/mocks/users.go:30.50,31.12 1 0
github.com/joshdcuneo/go-ui/internal/models/mocks/users.go:32.9,33.19 1 0
github.com/joshdcuneo/go-ui/internal/models/mocks/users.go:34.10,35.20 1 0
github.com/joshdcuneo/go-ui/internal/dbutils/dbutils.go:15.41,17.16 2 0
github.com/joshdcuneo/go-ui/internal/dbutils/dbutils.go:17.16,19.3 1 0
github.com/joshdcuneo/go-ui/internal/dbutils/dbutils.go:21.2,22.16 2 0
github.com/joshdcuneo/go-ui/internal/dbutils/dbutils.go:22.16,25.3 2 0
github.com/joshdcuneo/go-ui/internal/dbutils/dbutils.go:27.2,27.16 1 0
github.com/joshdcuneo/go-ui/internal/dbutils/dbutils.go:30.88,32.16 2 0
github.com/joshdcuneo/go-ui/internal/dbutils/dbutils.go:32.16,34.3 1 0
github.com/joshdcuneo/go-ui/internal/dbutils/dbutils.go:36.2,38.29 2 0
github.com/joshdcuneo/go-ui/internal/dbutils/dbutils.go:38.29,40.17 2 0
github.com/joshdcuneo/go-ui/internal/dbutils/dbutils.go:40.17,42.4 1 0
github.com/joshdcuneo/go-ui/internal/dbutils/dbutils.go:44.3,45.17 2 0
github.com/joshdcuneo/go-ui/internal/dbutils/dbutils.go:45.17,47.4 1 0
github.com/joshdcuneo/go-ui/internal/dbutils/dbutils.go:49.3,49.22 1 0
github.com/joshdcuneo/go-ui/internal/dbutils/dbutils.go:49.22,51.4 1 0
github.com/joshdcuneo/go-ui/internal/dbutils/dbutils.go:54.2,54.12 1 0
github.com/joshdcuneo/go-ui/internal/dbutils/dbutils.go:57.40,59.39 2 0
github.com/joshdcuneo/go-ui/internal/dbutils/dbutils.go:59.39,61.3 1 0
github.com/joshdcuneo/go-ui/internal/dbutils/dbutils.go:62.2,62.12 1 0
github.com/joshdcuneo/go-ui/internal/dbutils/dbutils.go:65.82,67.16 2 0
github.com/joshdcuneo/go-ui/internal/dbutils/dbutils.go:67.16,69.3 1 0
github.com/joshdcuneo/go-ui/internal/dbutils/dbutils.go:71.2,71.29 1 0
github.com/joshdcuneo/go-ui/internal/dbutils/dbutils.go:71.29,73.17 2 0
github.com/joshdcuneo/go-ui/internal/dbutils/dbutils.go:73.17,75.4 1 0
github.com/joshdcuneo/go-ui/internal/dbutils/dbutils.go:77.3,78.17 2 0
github.com/joshdcuneo/go-ui/internal/dbutils/dbutils.go:78.17,80.4 1 0
github.com/joshdcuneo/go-ui/internal/dbutils/dbutils.go:82.3,82.22 1 0
github.com/joshdcuneo/go-ui/internal/dbutils/dbutils.go:82.22,84.4 1 0
github.com/joshdcuneo/go-ui/internal/dbutils/dbutils.go:87.2,87.12 1 0
github.com/joshdcuneo/go-ui/internal/dbutils/dbutils.go:90.42,91.51 1 0
github.com/joshdcuneo/go-ui/internal/dbutils/dbutils.go:91.51,93.17 2 0
github.com/joshdcuneo/go-ui/internal/dbutils/dbutils.go:93.17,95.4 1 0
github.com/joshdcuneo/go-ui/internal/dbutils/dbutils.go:96.3,97.52 2 0
github.com/joshdcuneo/go-ui/internal/dbutils/dbutils.go:99.2,99.12 1 0
github.com/joshdcuneo/go-ui/cmd/web/auth.go:5.63,7.9 2 1
github.com/joshdcuneo/go-ui/cmd/web/auth.go:7.9,9.3 1 1
github.com/joshdcuneo/go-ui/cmd/web/auth.go:11.2,11.24 1 1
github.com/joshdcuneo/go-ui/cmd/web/handlers.go:11.58,13.2 1 1
github.com/joshdcuneo/go-ui/cmd/web/handlers.go:22.76,27.2 3 1
github.com/joshdcuneo/go-ui/cmd/web/handlers.go:29.80,31.16 2 1
github.com/joshdcuneo/go-ui/cmd/web/handlers.go:31.16,34.3 2 0
github.com/joshdcuneo/go-ui/cmd/web/handlers.go:36.2,48.19 7 1
github.com/joshdcuneo/go-ui/cmd/web/handlers.go:48.19,53.3 4 1
github.com/joshdcuneo/go-ui/cmd/web/handlers.go:55.2,56.16 2 1
github.com/joshdcuneo/go-ui/cmd/web/handlers.go:56.16,57.47 1 1
github.com/joshdcuneo/go-ui/cmd/web/handlers.go:57.47,62.4 4 1
github.com/joshdcuneo/go-ui/cmd/web/handlers.go:62.9,64.4 1 0
github.com/joshdcuneo/go-ui/cmd/web/handlers.go:65.3,65.9 1 1
github.com/joshdcuneo/go-ui/cmd/web/handlers.go:68.2,69.16 2 1
github.com/joshdcuneo/go-ui/cmd/web/handlers.go:69.16,72.3 2 0
github.com/joshdcuneo/go-ui/cmd/web/handlers.go:74.2,75.16 2 1
github.com/joshdcuneo/go-ui/cmd/web/handlers.go:75.16,78.3 2 0
github.com/joshdcuneo/go-ui/cmd/web/handlers.go:80.2,83.47 3 1
github.com/joshdcuneo/go-ui/cmd/web/handlers.go:92.75,97.2 3 1
github.com/joshdcuneo/go-ui/cmd/web/handlers.go:99.79,101.16 2 1
github.com/joshdcuneo/go-ui/cmd/web/handlers.go:101.16,104.3 2 0
github.com/joshdcuneo/go-ui/cmd/web/handlers.go:106.2,117.16 7 1
github.com/joshdcuneo/go-ui/cmd/web/handlers.go:117.16,118.51 1 1
github.com/joshdcuneo/go-ui/cmd/web/handlers.go:118.51,123.4 4 1
github.com/joshdcuneo/go-ui/cmd/web/handlers.go:123.9,125.4 1 0
github.com/joshdcuneo/go-ui/cmd/web/handlers.go:126.3,126.9 1 1
github.com/joshdcuneo/go-ui/cmd/web/handlers.go:129.2,130.16 2 1
github.com/joshdcuneo/go-ui/cmd/web/handlers.go:130.16,133.3 2 0
github.com/joshdcuneo/go-ui/cmd/web/handlers.go:135.2,137.51 2 1
github.com/joshdcuneo/go-ui/cmd/web/handlers.go:140.80,142.16 2 0
github.com/joshdcuneo/go-ui/cmd/web/handlers.go:142.16,145.3 2 0
github.com/joshdcuneo/go-ui/cmd/web/handlers.go:147.2,150.47 3 0
github.com/joshdcuneo/go-ui/cmd/web/handlers.go:153.70,157.2 2 1
github.com/joshdcuneo/go-ui/cmd/web/http.go:11.88,20.2 3 0
github.com/joshdcuneo/go-ui/cmd/web/http.go:22.72,24.2 1 0
github.com/joshdcuneo/go-ui/cmd/web/http.go:26.114,28.9 2 1
github.com/joshdcuneo/go-ui/cmd/web/http.go:28.9,31.3 2 0
github.com/joshdcuneo/go-ui/cmd/web/http.go:33.2,36.16 3 1
github.com/joshdcuneo/go-ui/cmd/web/http.go:36.16,39.3 2 0
github.com/joshdcuneo/go-ui/cmd/web/http.go:41.2,42.16 2 1
github.com/joshdcuneo/go-ui/cmd/web/logger.go:8.38,9.22 1 0
github.com/joshdcuneo/go-ui/cmd/web/logger.go:10.15,11.25 1 0
github.com/joshdcuneo/go-ui/cmd/web/logger.go:12.14,13.24 1 0
github.com/joshdcuneo/go-ui/cmd/web/logger.go:14.14,15.24 1 0
github.com/joshdcuneo/go-ui/cmd/web/logger.go:16.15,17.25 1 0
github.com/joshdcuneo/go-ui/cmd/web/logger.go:18.10,19.24 1 0
github.com/joshdcuneo/go-ui/cmd/web/logger.go:23.41,28.23 2 0
github.com/joshdcuneo/go-ui/cmd/web/logger.go:29.14,30.56 1 0
github.com/joshdcuneo/go-ui/cmd/web/logger.go:31.10,32.56 1 0
github.com/joshdcuneo/go-ui/cmd/web/main.go:35.13,47.16 9 0
github.com/joshdcuneo/go-ui/cmd/web/main.go:47.16,49.3 1 0
github.com/joshdcuneo/go-ui/cmd/web/main.go:50.2,53.16 3 0
github.com/joshdcuneo/go-ui/cmd/web/main.go:53.16,55.3 1 0
github.com/joshdcuneo/go-ui/cmd/web/main.go:57.2,87.12 11 0
github.com/joshdcuneo/go-ui/cmd/web/middleware.go:19.68,22.2 2 1
github.com/joshdcuneo/go-ui/cmd/web/middleware.go:24.67,25.43 1 1
github.com/joshdcuneo/go-ui/cmd/web/middleware.go:25.43,27.3 1 1
github.com/joshdcuneo/go-ui/cmd/web/middleware.go:28.2,28.16 1 1
github.com/joshdcuneo/go-ui/cmd/web/middleware.go:31.75,33.2 1 1
github.com/joshdcuneo/go-ui/cmd/web/middleware.go:35.74,38.2 2 1
github.com/joshdcuneo/go-ui/cmd/web/middleware.go:40.52,41.71 1 1
github.com/joshdcuneo/go-ui/cmd/web/middleware.go:41.71,54.3 7 1
github.com/joshdcuneo/go-ui/cmd/web/middleware.go:57.68,58.71 1 1
github.com/joshdcuneo/go-ui/cmd/web/middleware.go:58.71,73.3 3 1
github.com/joshdcuneo/go-ui/cmd/web/middleware.go:76.70,77.71 1 1
github.com/joshdcuneo/go-ui/cmd/web/middleware.go:77.71,78.16 1 1
github.com/joshdcuneo/go-ui/cmd/web/middleware.go:78.16,79.36 1 1
github.com/joshdcuneo/go-ui/cmd/web/middleware.go:79.36,82.5 2 0
github.com/joshdcuneo/go-ui/cmd/web/middleware.go:84.3,84.23 1 1
github.com/joshdcuneo/go-ui/cmd/web/middleware.go:88.79,89.71 1 1
github.com/joshdcuneo/go-ui/cmd/web/middleware.go:89.71,90.30 1 0
github.com/joshdcuneo/go-ui/cmd/web/middleware.go:90.30,92.4 1 0
github.com/joshdcuneo/go-ui/cmd/web/middleware.go:94.3,96.23 2 0
github.com/joshdcuneo/go-ui/cmd/web/middleware.go:100.69,108.2 3 1
github.com/joshdcuneo/go-ui/cmd/web/middleware.go:110.70,111.71 1 1
github.com/joshdcuneo/go-ui/cmd/web/middleware.go:111.71,113.14 2 1
github.com/joshdcuneo/go-ui/cmd/web/middleware.go:113.14,116.4 2 1
github.com/joshdcuneo/go-ui/cmd/web/middleware.go:118.3,119.14 2 1
github.com/joshdcuneo/go-ui/cmd/web/middleware.go:119.14,123.4 3 0
github.com/joshdcuneo/go-ui/cmd/web/middleware.go:125.3,126.40 2 1
github.com/joshdcuneo/go-ui/cmd/web/routes.go:9.47,30.2 13 1
github.com/joshdcuneo/go-ui/cmd/web/templates.go:23.71,30.2 1 1
github.com/joshdcuneo/go-ui/cmd/web/templates.go:32.36,33.16 1 1
github.com/joshdcuneo/go-ui/cmd/web/templates.go:33.16,35.3 1 1
github.com/joshdcuneo/go-ui/cmd/web/templates.go:37.2,37.47 1 1
github.com/joshdcuneo/go-ui/cmd/web/templates.go:44.64,48.16 3 1
github.com/joshdcuneo/go-ui/cmd/web/templates.go:48.16,50.3 1 0
github.com/joshdcuneo/go-ui/cmd/web/templates.go:52.2,52.29 1 1
github.com/joshdcuneo/go-ui/cmd/web/templates.go:52.29,62.17 4 1
github.com/joshdcuneo/go-ui/cmd/web/templates.go:62.17,64.4 1 0
github.com/joshdcuneo/go-ui/cmd/web/templates.go:66.3,66.19 1 1
github.com/joshdcuneo/go-ui/cmd/web/templates.go:69.2,69.19 1 1
github.com/joshdcuneo/go-ui/internal/assert/assert.go:8.60,10.24 2 1
github.com/joshdcuneo/go-ui/internal/assert/assert.go:10.24,12.3 1 0
github.com/joshdcuneo/go-ui/internal/assert/assert.go:15.60,17.41 2 1
github.com/joshdcuneo/go-ui/internal/assert/assert.go:17.41,19.3 1 0
github.com/joshdcuneo/go-ui/internal/assert/assert.go:22.43,24.19 2 0
github.com/joshdcuneo/go-ui/internal/assert/assert.go:24.19,26.3 1 0
github.com/joshdcuneo/go-ui/internal/dbutils/dbutils.go:15.41,17.16 2 0
github.com/joshdcuneo/go-ui/internal/dbutils/dbutils.go:17.16,19.3 1 0
github.com/joshdcuneo/go-ui/internal/dbutils/dbutils.go:21.2,22.16 2 0
github.com/joshdcuneo/go-ui/internal/dbutils/dbutils.go:22.16,25.3 2 0
github.com/joshdcuneo/go-ui/internal/dbutils/dbutils.go:27.2,27.16 1 0
github.com/joshdcuneo/go-ui/internal/dbutils/dbutils.go:30.88,32.16 2 0
github.com/joshdcuneo/go-ui/internal/dbutils/dbutils.go:32.16,34.3 1 0
github.com/joshdcuneo/go-ui/internal/dbutils/dbutils.go:36.2,38.29 2 0
github.com/joshdcuneo/go-ui/internal/dbutils/dbutils.go:38.29,40.17 2 0
github.com/joshdcuneo/go-ui/internal/dbutils/dbutils.go:40.17,42.4 1 0
github.com/joshdcuneo/go-ui/internal/dbutils/dbutils.go:44.3,45.17 2 0
github.com/joshdcuneo/go-ui/internal/dbutils/dbutils.go:45.17,47.4 1 0
github.com/joshdcuneo/go-ui/internal/dbutils/dbutils.go:49.3,49.22 1 0
github.com/joshdcuneo/go-ui/internal/dbutils/dbutils.go:49.22,51.4 1 0
github.com/joshdcuneo/go-ui/internal/dbutils/dbutils.go:54.2,54.12 1 0
github.com/joshdcuneo/go-ui/internal/dbutils/dbutils.go:57.40,59.39 2 0
github.com/joshdcuneo/go-ui/internal/dbutils/dbutils.go:59.39,61.3 1 0
github.com/joshdcuneo/go-ui/internal/dbutils/dbutils.go:62.2,62.12 1 0
github.com/joshdcuneo/go-ui/internal/dbutils/dbutils.go:65.82,67.16 2 0
github.com/joshdcuneo/go-ui/internal/dbutils/dbutils.go:67.16,69.3 1 0
github.com/joshdcuneo/go-ui/internal/dbutils/dbutils.go:71.2,71.29 1 0
github.com/joshdcuneo/go-ui/internal/dbutils/dbutils.go:71.29,73.17 2 0
github.com/joshdcuneo/go-ui/internal/dbutils/dbutils.go:73.17,75.4 1 0
github.com/joshdcuneo/go-ui/internal/dbutils/dbutils.go:77.3,78.17 2 0
github.com/joshdcuneo/go-ui/internal/dbutils/dbutils.go:78.17,80.4 1 0
github.com/joshdcuneo/go-ui/internal/dbutils/dbutils.go:82.3,82.22 1 0
github.com/joshdcuneo/go-ui/internal/dbutils/dbutils.go:82.22,84.4 1 0
github.com/joshdcuneo/go-ui/internal/dbutils/dbutils.go:87.2,87.12 1 0
github.com/joshdcuneo/go-ui/internal/dbutils/dbutils.go:90.42,91.51 1 0
github.com/joshdcuneo/go-ui/internal/dbutils/dbutils.go:91.51,93.17 2 0
github.com/joshdcuneo/go-ui/internal/dbutils/dbutils.go:93.17,95.4 1 0
github.com/joshdcuneo/go-ui/internal/dbutils/dbutils.go:96.3,97.52 2 0
github.com/joshdcuneo/go-ui/internal/dbutils/dbutils.go:99.2,99.12 1 0
github.com/joshdcuneo/go-ui/internal/models/mocks/users.go:13.64,14.15 1 1
github.com/joshdcuneo/go-ui/internal/models/mocks/users.go:15.26,16.34 1 1
github.com/joshdcuneo/go-ui/internal/models/mocks/users.go:17.10,18.13 1 1
github.com/joshdcuneo/go-ui/internal/models/mocks/users.go:22.71,23.62 1 1
github.com/joshdcuneo/go-ui/internal/models/mocks/users.go:23.62,25.3 1 1
github.com/joshdcuneo/go-ui/internal/models/mocks/users.go:27.2,27.40 1 1
github.com/joshdcuneo/go-ui/internal/models/mocks/users.go:30.50,31.12 1 1
github.com/joshdcuneo/go-ui/internal/models/mocks/users.go:32.9,33.19 1 1
github.com/joshdcuneo/go-ui/internal/models/mocks/users.go:34.10,35.20 1 0
github.com/joshdcuneo/go-ui/internal/validator/validator.go:15.34,17.2 1 1
github.com/joshdcuneo/go-ui/internal/validator/validator.go:19.56,20.26 1 1
github.com/joshdcuneo/go-ui/internal/validator/validator.go:20.26,22.3 1 1
github.com/joshdcuneo/go-ui/internal/validator/validator.go:24.2,24.46 1 1
github.com/joshdcuneo/go-ui/internal/validator/validator.go:24.46,26.3 1 1
github.com/joshdcuneo/go-ui/internal/validator/validator.go:29.50,31.2 1 1
github.com/joshdcuneo/go-ui/internal/validator/validator.go:33.62,34.9 1 1
github.com/joshdcuneo/go-ui/internal/validator/validator.go:34.9,36.3 1 1
github.com/joshdcuneo/go-ui/internal/validator/validator.go:39.34,41.2 1 1
github.com/joshdcuneo/go-ui/internal/validator/validator.go:43.41,45.2 1 1
github.com/joshdcuneo/go-ui/internal/validator/validator.go:47.41,49.2 1 0
github.com/joshdcuneo/go-ui/internal/validator/validator.go:51.71,53.2 1 0
github.com/joshdcuneo/go-ui/internal/validator/validator.go:57.52,59.2 1 1
github.com/joshdcuneo/go-ui/internal/validator/validator.go:61.33,63.2 1 1
github.com/joshdcuneo/go-ui/internal/assert/assert.go:8.60,10.24 2 1
github.com/joshdcuneo/go-ui/internal/assert/assert.go:10.24,12.3 1 0
github.com/joshdcuneo/go-ui/internal/assert/assert.go:15.60,17.41 2 0
github.com/joshdcuneo/go-ui/internal/assert/assert.go:17.41,19.3 1 0
github.com/joshdcuneo/go-ui/internal/assert/assert.go:22.43,24.19 2 1
github.com/joshdcuneo/go-ui/internal/assert/assert.go:24.19,26.3 1 0
github.com/joshdcuneo/go-ui/internal/dbutils/dbutils.go:15.41,17.16 2 1
github.com/joshdcuneo/go-ui/internal/dbutils/dbutils.go:17.16,19.3 1 0
github.com/joshdcuneo/go-ui/internal/dbutils/dbutils.go:21.2,22.16 2 1
github.com/joshdcuneo/go-ui/internal/dbutils/dbutils.go:22.16,25.3 2 0
github.com/joshdcuneo/go-ui/internal/dbutils/dbutils.go:27.2,27.16 1 1
github.com/joshdcuneo/go-ui/internal/dbutils/dbutils.go:30.88,32.16 2 1
github.com/joshdcuneo/go-ui/internal/dbutils/dbutils.go:32.16,34.3 1 0
github.com/joshdcuneo/go-ui/internal/dbutils/dbutils.go:36.2,38.29 2 1
github.com/joshdcuneo/go-ui/internal/dbutils/dbutils.go:38.29,40.17 2 1
github.com/joshdcuneo/go-ui/internal/dbutils/dbutils.go:40.17,42.4 1 0
github.com/joshdcuneo/go-ui/internal/dbutils/dbutils.go:44.3,45.17 2 1
github.com/joshdcuneo/go-ui/internal/dbutils/dbutils.go:45.17,47.4 1 0
github.com/joshdcuneo/go-ui/internal/dbutils/dbutils.go:49.3,49.22 1 1
github.com/joshdcuneo/go-ui/internal/dbutils/dbutils.go:49.22,51.4 1 0
github.com/joshdcuneo/go-ui/internal/dbutils/dbutils.go:54.2,54.12 1 1
github.com/joshdcuneo/go-ui/internal/dbutils/dbutils.go:57.40,59.39 2 0
github.com/joshdcuneo/go-ui/internal/dbutils/dbutils.go:59.39,61.3 1 0
github.com/joshdcuneo/go-ui/internal/dbutils/dbutils.go:62.2,62.12 1 0
github.com/joshdcuneo/go-ui/internal/dbutils/dbutils.go:65.82,67.16 2 0
github.com/joshdcuneo/go-ui/internal/dbutils/dbutils.go:67.16,69.3 1 0
github.com/joshdcuneo/go-ui/internal/dbutils/dbutils.go:71.2,71.29 1 0
github.com/joshdcuneo/go-ui/internal/dbutils/dbutils.go:71.29,73.17 2 0
github.com/joshdcuneo/go-ui/internal/dbutils/dbutils.go:73.17,75.4 1 0
github.com/joshdcuneo/go-ui/internal/dbutils/dbutils.go:77.3,78.17 2 0
github.com/joshdcuneo/go-ui/internal/dbutils/dbutils.go:78.17,80.4 1 0
github.com/joshdcuneo/go-ui/internal/dbutils/dbutils.go:82.3,82.22 1 0
github.com/joshdcuneo/go-ui/internal/dbutils/dbutils.go:82.22,84.4 1 0
github.com/joshdcuneo/go-ui/internal/dbutils/dbutils.go:87.2,87.12 1 0
github.com/joshdcuneo/go-ui/internal/dbutils/dbutils.go:90.42,91.51 1 0
github.com/joshdcuneo/go-ui/internal/dbutils/dbutils.go:91.51,93.17 2 0
github.com/joshdcuneo/go-ui/internal/dbutils/dbutils.go:93.17,95.4 1 0
github.com/joshdcuneo/go-ui/internal/dbutils/dbutils.go:96.3,97.52 2 0
github.com/joshdcuneo/go-ui/internal/dbutils/dbutils.go:99.2,99.12 1 0
github.com/joshdcuneo/go-ui/internal/models/users.go:30.64,32.16 2 1
github.com/joshdcuneo/go-ui/internal/models/users.go:32.16,34.3 1 0
github.com/joshdcuneo/go-ui/internal/models/users.go:36.2,40.16 3 1
github.com/joshdcuneo/go-ui/internal/models/users.go:40.16,42.35 2 1
github.com/joshdcuneo/go-ui/internal/models/users.go:42.35,43.108 1 1
github.com/joshdcuneo/go-ui/internal/models/users.go:43.108,45.5 1 1
github.com/joshdcuneo/go-ui/internal/models/users.go:47.3,47.13 1 0
github.com/joshdcuneo/go-ui/internal/models/users.go:50.2,50.12 1 1
github.com/joshdcuneo/go-ui/internal/models/users.go:53.71,59.16 5 1
github.com/joshdcuneo/go-ui/internal/models/users.go:59.16,60.36 1 1
github.com/joshdcuneo/go-ui/internal/models/users.go:60.36,62.4 1 1
github.com/joshdcuneo/go-ui/internal/models/users.go:62.9,64.4 1 0
github.com/joshdcuneo/go-ui/internal/models/users.go:67.2,68.16 2 1
github.com/joshdcuneo/go-ui/internal/models/users.go:68.16,69.58 1 1
github.com/joshdcuneo/go-ui/internal/models/users.go:69.58,71.4 1 1
github.com/joshdcuneo/go-ui/internal/models/users.go:71.9,73.4 1 0
github.com/joshdcuneo/go-ui/internal/models/users.go:76.2,76.16 1 1
github.com/joshdcuneo/go-ui/internal/models/users.go:79.50,85.2 4 1
